<?xml version="1.0" encoding="UTF-8"?>
<robot generator="Robot 7.1.1 (Python 3.13.0 on darwin)" generated="2025-01-13T12:45:44.308935" rpa="false" schemaversion="5">
<suite id="s1" name="Click" source="/Users/jp/Documents/Projects/template-mobile-robot-framework/tests/click.robot">
<test id="s1-t1" name="Click Test" line="10">
<kw name="Open Application" owner="AppiumLibrary">
<arg>http://localhost:4723</arg>
<arg>appium:platformName=Android</arg>
<arg>appium:automationName=UiAutomator2</arg>
<arg>deviceName='emulator-5554'</arg>
<arg>appium:app=${EXECDIR}/app/yodapp.apk</arg>
<arg>appium:autoGrantPermissions=${True}</arg>
<arg>appium:udid=emulator-5554</arg>
<doc>Opens a new application to given Appium server.
Capabilities of appium server, Android and iOS,
Please check https://appium.io/docs/en/2.1/cli/args/
| *Option*            | *Man.* | *Description*     |
| remote_url          | Yes    | Appium server url |
| alias               | no     | alias             |
| strict_ssl          | No     | allows you to send commands to an invalid certificate host like a self-signed one. |</doc>
<status status="PASS" start="2025-01-13T12:45:44.387720" elapsed="4.412224"/>
</kw>
<kw name="Wait Until Page Contains" owner="AppiumLibrary">
<arg>text=${QAX_BTN_ID}</arg>
<arg>timeout=10</arg>
<arg>error=Could not find Yoda Text</arg>
<doc>Waits until `text` appears on current page.</doc>
<status status="PASS" start="2025-01-13T12:45:48.800869" elapsed="5.124389"/>
</kw>
<kw name="Click Element" owner="AppiumLibrary">
<msg time="2025-01-13T12:45:53.928847" level="INFO">Clicking element 'com.qaxperience.yodapp:id/mi_button_cta'.</msg>
<msg time="2025-01-13T12:45:54.092092" level="INFO">criteria is com.qaxperience.yodapp:id/mi_button_cta</msg>
<arg>locator=${QAX_BTN_ID}</arg>
<doc>Click element identified by `locator`.</doc>
<status status="PASS" start="2025-01-13T12:45:53.926779" elapsed="0.165416"/>
</kw>
<kw name="Wait Until Element Is Visible" owner="AppiumLibrary">
<msg time="2025-01-13T12:45:55.182861" level="INFO">criteria is com.qaxperience.yodapp:id/toolbarTitle</msg>
<arg>locator=${QAX_TEXT}</arg>
<arg>timeout=10</arg>
<arg>error=Could not find Clique em Botões</arg>
<doc>Waits until element specified with `locator` is visible.</doc>
<status status="PASS" start="2025-01-13T12:45:54.092450" elapsed="1.090519"/>
</kw>
<kw name="Close Application" owner="AppiumLibrary">
<doc>Closes the current application and also close webdriver session.</doc>
<status status="PASS" start="2025-01-13T12:45:55.183236" elapsed="0.263064"/>
</kw>
<status status="PASS" start="2025-01-13T12:45:44.387321" elapsed="11.059431"/>
</test>
<status status="PASS" start="2025-01-13T12:45:44.309499" elapsed="11.138217"/>
</suite>
<statistics>
<total>
<stat pass="1" fail="0" skip="0">All Tests</stat>
</total>
<tag>
</tag>
<suite>
<stat pass="1" fail="0" skip="0" id="s1" name="Click">Click</stat>
</suite>
</statistics>
<errors>
</errors>
</robot>
